Running make as '/usr/local/bin/gmake  VERBOSE= LOG_LEVEL=debug -R -I /Users/zhouyouxing/studying/openjdk8u-master/make/common  SPEC=/Users/zhouyouxing/studying/openjdk8u-master/build/macosx-x86_64-normal-server-slowdebug/spec.gmk -j5'
Building OpenJDK for target 'all' in configuration 'macosx-x86_64-normal-server-slowdebug'

## Starting langtools
gmake[1]: Entering directory '/Users/zhouyouxing/studying/openjdk8u-master/langtools/make'
SetupJavaCompiler(BOOT_JAVAC) 
 [2] JAVAC := /Library/Java/JavaVirtualMachines/jdk1.8.0_162.jdk/Contents/Home/bin/javac 
 [3] SERVER_DIR := 
 [4] SERVER_JVM := /Library/Java/JavaVirtualMachines/jdk1.8.0_162.jdk/Contents/Home/bin/java -verbosegc -d64 -Xms6G -Xmx6G 
 [5] FLAGS := -XDignore.symbol.file=true -g -Xlint:all,-deprecation -Werror                     
SetupJavaCompilation(BUILD_TOOLS) 
 [2] SETUP := BOOT_JAVAC 
 [3] DISABLE_SJAVAC := true 
 [4] ADD_JAVAC_FLAGS := -Xprefer:source 
 [5] SRC := /Users/zhouyouxing/studying/openjdk8u-master/langtools/make/tools /Users/zhouyouxing/studying/openjdk8u-master/langtools/src/share/classes 
 [6] INCLUDES := compileproperties genstubs 
 [7] BIN := /Users/zhouyouxing/studying/openjdk8u-master/build/macosx-x86_64-normal-server-slowdebug/langtools/btclasses                   
/bin/mkdir -p /Users/zhouyouxing/studying/openjdk8u-master/build/macosx-x86_64-normal-server-slowdebug/langtools/btclasses
/bin/rm -f /Users/zhouyouxing/studying/openjdk8u-master/build/macosx-x86_64-normal-server-slowdebug/langtools/btclasses/_the.BUILD_TOOLS_batch /Users/zhouyouxing/studying/openjdk8u-master/build/macosx-x86_64-normal-server-slowdebug/langtools/btclasses/_the.BUILD_TOOLS_batch.tmp
/bin/echo  Writing 2 paths to ' >> /Users/zhouyouxing/studying/openjdk8u-master/build/macosx-x86_64-normal-server-slowdebug/langtools/btclasses/_the.BUILD_TOOLS_batch.tmp'
Writing 2 paths to  >> /Users/zhouyouxing/studying/openjdk8u-master/build/macosx-x86_64-normal-server-slowdebug/langtools/btclasses/_the.BUILD_TOOLS_batch.tmp
/bin/echo Compiling `/usr/bin/wc /Users/zhouyouxing/studying/openjdk8u-master/build/macosx-x86_64-normal-server-slowdebug/langtools/btclasses/_the.BUILD_TOOLS_batch.tmp | /usr/bin/tr -s ' ' | /usr/bin/cut -f 2 -d ' '` files for BUILD_TOOLS
Compiling 2 files for BUILD_TOOLS
( /Library/Java/JavaVirtualMachines/jdk1.8.0_162.jdk/Contents/Home/bin/javac -XDignore.symbol.file=true -g -Xlint:all,-deprecation -Werror -g -Xprefer:source -implicit:none -sourcepath "/Users/zhouyouxing/studying/openjdk8u-master/langtools/make/tools:/Users/zhouyouxing/studying/openjdk8u-master/langtools/src/share/classes" -d /Users/zhouyouxing/studying/openjdk8u-master/build/macosx-x86_64-normal-server-slowdebug/langtools/btclasses  @/Users/zhouyouxing/studying/openjdk8u-master/build/macosx-x86_64-normal-server-slowdebug/langtools/btclasses/_the.BUILD_TOOLS_batch.tmp && /bin/mv /Users/zhouyouxing/studying/openjdk8u-master/build/macosx-x86_64-normal-server-slowdebug/langtools/btclasses/_the.BUILD_TOOLS_batch.tmp /Users/zhouyouxing/studying/openjdk8u-master/build/macosx-x86_64-normal-server-slowdebug/langtools/btclasses/_the.BUILD_TOOLS_batch)
/bin/rm -f -r /Users/zhouyouxing/studying/openjdk8u-master/build/macosx-x86_64-normal-server-slowdebug/langtools/gensrc/*
/bin/mkdir -p /Users/zhouyouxing/studying/openjdk8u-master/build/macosx-x86_64-normal-server-slowdebug/langtools/gensrc /Users/zhouyouxing/studying/openjdk8u-master/build/macosx-x86_64-normal-server-slowdebug/langtools/gensrc/com/sun/tools/javah/resources/ /Users/zhouyouxing/studying/openjdk8u-master/build/macosx-x86_64-normal-server-slowdebug/langtools/gensrc/com/sun/tools/javah/resources/ /Users/zhouyouxing/studying/openjdk8u-master/build/macosx-x86_64-normal-server-slowdebug/langtools/gensrc/com/sun/tools/javah/resources/ /Users/zhouyouxing/studying/openjdk8u-master/build/macosx-x86_64-normal-server-slowdebug/langtools/gensrc/com/sun/tools/doclets/formats/html/resources/ /Users/zhouyouxing/studying/openjdk8u-master/build/macosx-x86_64-normal-server-slowdebug/langtools/gensrc/com/sun/tools/doclets/formats/html/resources/ /Users/zhouyouxing/studying/openjdk8u-master/build/macosx-x86_64-normal-server-slowdebug/langtools/gensrc/com/sun/tools/doclets/formats/html/resources/ /Users/zhouyouxing/studying/openjdk8u-master/build/macosx-x86_64-normal-server-slowdebug/langtools/gensrc/com/sun/tools/doclets/internal/toolkit/resources/ /Users/zhouyouxing/studying/openjdk8u-master/build/macosx-x86_64-normal-server-slowdebug/langtools/gensrc/com/sun/tools/doclets/internal/toolkit/resources/ /Users/zhouyouxing/studying/openjdk8u-master/build/macosx-x86_64-normal-server-slowdebug/langtools/gensrc/com/sun/tools/doclets/internal/toolkit/resources/ /Users/zhouyouxing/studying/openjdk8u-master/build/macosx-x86_64-normal-server-slowdebug/langtools/gensrc/com/sun/tools/doclint/resources/ /Users/zhouyouxing/studying/openjdk8u-master/build/macosx-x86_64-normal-server-slowdebug/langtools/gensrc/com/sun/tools/doclint/resources/ /Users/zhouyouxing/studying/openjdk8u-master/build/macosx-x86_64-normal-server-slowdebug/langtools/gensrc/com/sun/tools/doclint/resources/ /Users/zhouyouxing/studying/openjdk8u-master/build/macosx-x86_64-normal-server-slowdebug/langtools/gensrc/com/sun/tools/javap/resources/ /Users/zhouyouxing/studying/openjdk8u-master/build/macosx-x86_64-normal-server-slowdebug/langtools/gensrc/com/sun/tools/javap/resources/ /Users/zhouyouxing/studying/openjdk8u-master/build/macosx-x86_64-normal-server-slowdebug/langtools/gensrc/com/sun/tools/javap/resources/ /Users/zhouyouxing/studying/openjdk8u-master/build/macosx-x86_64-normal-server-slowdebug/langtools/gensrc/com/sun/tools/javac/resources/ /Users/zhouyouxing/studying/openjdk8u-master/build/macosx-x86_64-normal-server-slowdebug/langtools/gensrc/com/sun/tools/javac/resources/ /Users/zhouyouxing/studying/openjdk8u-master/build/macosx-x86_64-normal-server-slowdebug/langtools/gensrc/com/sun/tools/javac/resources/ /Users/zhouyouxing/studying/openjdk8u-master/build/macosx-x86_64-normal-server-slowdebug/langtools/gensrc/com/sun/tools/javac/resources/ /Users/zhouyouxing/studying/openjdk8u-master/build/macosx-x86_64-normal-server-slowdebug/langtools/gensrc/com/sun/tools/javac/resources/ /Users/zhouyouxing/studying/openjdk8u-master/build/macosx-x86_64-normal-server-slowdebug/langtools/gensrc/com/sun/tools/javac/resources/ /Users/zhouyouxing/studying/openjdk8u-master/build/macosx-x86_64-normal-server-slowdebug/langtools/gensrc/com/sun/tools/javac/resources/ /Users/zhouyouxing/studying/openjdk8u-master/build/macosx-x86_64-normal-server-slowdebug/langtools/gensrc/com/sun/tools/javadoc/resources/ /Users/zhouyouxing/studying/openjdk8u-master/build/macosx-x86_64-normal-server-slowdebug/langtools/gensrc/com/sun/tools/javadoc/resources/ /Users/zhouyouxing/studying/openjdk8u-master/build/macosx-x86_64-normal-server-slowdebug/langtools/gensrc/com/sun/tools/javadoc/resources/ /Users/zhouyouxing/studying/openjdk8u-master/build/macosx-x86_64-normal-server-slowdebug/langtools/gensrc/com/sun/tools/jdeps/resources/ /Users/zhouyouxing/studying/openjdk8u-master/build/macosx-x86_64-normal-server-slowdebug/langtools/gensrc/com/sun/tools/jdeps/resources/ /Users/zhouyouxing/studying/openjdk8u-master/build/macosx-x86_64-normal-server-slowdebug/langtools/gensrc/com/sun/tools/jdeps/resources/ /Users/zhouyouxing/studying/openjdk8u-master/build/macosx-x86_64-normal-server-slowdebug/langtools/gensrc/com/sun/tools/jdeps/resources/
/usr/bin/printf "jdk=1.8.0\nfull=1.8.0-internal-debug-zhouyouxing_2020_05_21_17_01-b00\nrelease=1.8.0-internal-debug\n" > /Users/zhouyouxing/studying/openjdk8u-master/build/macosx-x86_64-normal-server-slowdebug/langtools/gensrc/com/sun/tools/javah/resources/version.properties
/usr/bin/printf "jdk=1.8.0\nfull=1.8.0-internal-debug-zhouyouxing_2020_05_21_17_01-b00\nrelease=1.8.0-internal-debug\n" > /Users/zhouyouxing/studying/openjdk8u-master/build/macosx-x86_64-normal-server-slowdebug/langtools/gensrc/com/sun/tools/javap/resources/version.properties
/usr/bin/printf "jdk=1.8.0\nfull=1.8.0-internal-debug-zhouyouxing_2020_05_21_17_01-b00\nrelease=1.8.0-internal-debug\n" > /Users/zhouyouxing/studying/openjdk8u-master/build/macosx-x86_64-normal-server-slowdebug/langtools/gensrc/com/sun/tools/javac/resources/version.properties
/usr/bin/printf "jdk=1.8.0\nfull=1.8.0-internal-debug-zhouyouxing_2020_05_21_17_01-b00\nrelease=1.8.0-internal-debug\n" > /Users/zhouyouxing/studying/openjdk8u-master/build/macosx-x86_64-normal-server-slowdebug/langtools/gensrc/com/sun/tools/jdeps/resources/version.properties
/usr/bin/printf "jdk=1.8.0\nfull=1.8.0-internal-debug-zhouyouxing_2020_05_21_17_01-b00\nrelease=1.8.0-internal-debug\n" > /Users/zhouyouxing/studying/openjdk8u-master/build/macosx-x86_64-normal-server-slowdebug/langtools/gensrc/com/sun/tools/javadoc/resources/version.properties
/bin/echo Compiling 32 properties into resource bundles
Compiling 32 properties into resource bundles
/Library/Java/JavaVirtualMachines/jdk1.8.0_162.jdk/Contents/Home/bin/java -Xms64M -Xmx1600M -XX:ThreadStackSize=1536  -cp /Users/zhouyouxing/studying/openjdk8u-master/build/macosx-x86_64-normal-server-slowdebug/langtools/btclasses compileproperties.CompileProperties -quiet  -compile  /Users/zhouyouxing/studying/openjdk8u-master/langtools/src/share/classes/com/sun/tools/javah/resources/l10n_ja.properties  /Users/zhouyouxing/studying/openjdk8u-master/build/macosx-x86_64-normal-server-slowdebug/langtools/gensrc/com/sun/tools/javah/resources/l10n_ja.java  java.util.ListResourceBundle -compile  /Users/zhouyouxing/studying/openjdk8u-master/langtools/src/share/classes/com/sun/tools/javah/resources/l10n_zh_CN.properties  /Users/zhouyouxing/studying/openjdk8u-master/build/macosx-x86_64-normal-server-slowdebug/langtools/gensrc/com/sun/tools/javah/resources/l10n_zh_CN.java  java.util.ListResourceBundle -compile  /Users/zhouyouxing/studying/openjdk8u-master/langtools/src/share/classes/com/sun/tools/javah/resources/l10n.properties  /Users/zhouyouxing/studying/openjdk8u-master/build/macosx-x86_64-normal-server-slowdebug/langtools/gensrc/com/sun/tools/javah/resources/l10n.java  java.util.ListResourceBundle -compile  /Users/zhouyouxing/studying/openjdk8u-master/langtools/src/share/classes/com/sun/tools/doclets/formats/html/resources/standard_ja.properties  /Users/zhouyouxing/studying/openjdk8u-master/build/macosx-x86_64-normal-server-slowdebug/langtools/gensrc/com/sun/tools/doclets/formats/html/resources/standard_ja.java  java.util.ListResourceBundle -compile  /Users/zhouyouxing/studying/openjdk8u-master/langtools/src/share/classes/com/sun/tools/doclets/formats/html/resources/standard_zh_CN.properties  /Users/zhouyouxing/studying/openjdk8u-master/build/macosx-x86_64-normal-server-slowdebug/langtools/gensrc/com/sun/tools/doclets/formats/html/resources/standard_zh_CN.java  java.util.ListResourceBundle -compile  /Users/zhouyouxing/studying/openjdk8u-master/langtools/src/share/classes/com/sun/tools/doclets/formats/html/resources/standard.properties  /Users/zhouyouxing/studying/openjdk8u-master/build/macosx-x86_64-normal-server-slowdebug/langtools/gensrc/com/sun/tools/doclets/formats/html/resources/standard.java  java.util.ListResourceBundle -compile  /Users/zhouyouxing/studying/openjdk8u-master/langtools/src/share/classes/com/sun/tools/doclets/internal/toolkit/resources/doclets.properties  /Users/zhouyouxing/studying/openjdk8u-master/build/macosx-x86_64-normal-server-slowdebug/langtools/gensrc/com/sun/tools/doclets/internal/toolkit/resources/doclets.java  java.util.ListResourceBundle -compile  /Users/zhouyouxing/studying/openjdk8u-master/langtools/src/share/classes/com/sun/tools/doclets/internal/toolkit/resources/doclets_zh_CN.properties  /Users/zhouyouxing/studying/openjdk8u-master/build/macosx-x86_64-normal-server-slowdebug/langtools/gensrc/com/sun/tools/doclets/internal/toolkit/resources/doclets_zh_CN.java  java.util.ListResourceBundle -compile  /Users/zhouyouxing/studying/openjdk8u-master/langtools/src/share/classes/com/sun/tools/doclets/internal/toolkit/resources/doclets_ja.properties  /Users/zhouyouxing/studying/openjdk8u-master/build/macosx-x86_64-normal-server-slowdebug/langtools/gensrc/com/sun/tools/doclets/internal/toolkit/resources/doclets_ja.java  java.util.ListResourceBundle -compile  /Users/zhouyouxing/studying/openjdk8u-master/langtools/src/share/classes/com/sun/tools/doclint/resources/doclint.properties  /Users/zhouyouxing/studying/openjdk8u-master/build/macosx-x86_64-normal-server-slowdebug/langtools/gensrc/com/sun/tools/doclint/resources/doclint.java  java.util.ListResourceBundle -compile  /Users/zhouyouxing/studying/openjdk8u-master/langtools/src/share/classes/com/sun/tools/doclint/resources/doclint_zh_CN.properties  /Users/zhouyouxing/studying/openjdk8u-master/build/macosx-x86_64-normal-server-slowdebug/langtools/gensrc/com/sun/tools/doclint/resources/doclint_zh_CN.java  java.util.ListResourceBundle -compile  /Users/zhouyouxing/studying/openjdk8u-master/langtools/src/share/classes/com/sun/tools/doclint/resources/doclint_ja.properties  /Users/zhouyouxing/studying/openjdk8u-master/build/macosx-x86_64-normal-server-slowdebug/langtools/gensrc/com/sun/tools/doclint/resources/doclint_ja.java  java.util.ListResourceBundle -compile  /Users/zhouyouxing/studying/openjdk8u-master/langtools/src/share/classes/com/sun/tools/javap/resources/javap.properties  /Users/zhouyouxing/studying/openjdk8u-master/build/macosx-x86_64-normal-server-slowdebug/langtools/gensrc/com/sun/tools/javap/resources/javap.java  java.util.ListResourceBundle -compile  /Users/zhouyouxing/studying/openjdk8u-master/langtools/src/share/classes/com/sun/tools/javap/resources/javap_zh_CN.properties  /Users/zhouyouxing/studying/openjdk8u-master/build/macosx-x86_64-normal-server-slowdebug/langtools/gensrc/com/sun/tools/javap/resources/javap_zh_CN.java  java.util.ListResourceBundle -compile  /Users/zhouyouxing/studying/openjdk8u-master/langtools/src/share/classes/com/sun/tools/javap/resources/javap_ja.properties  /Users/zhouyouxing/studying/openjdk8u-master/build/macosx-x86_64-normal-server-slowdebug/langtools/gensrc/com/sun/tools/javap/resources/javap_ja.java  java.util.ListResourceBundle -compile  /Users/zhouyouxing/studying/openjdk8u-master/langtools/src/share/classes/com/sun/tools/javac/resources/compiler_ja.properties  /Users/zhouyouxing/studying/openjdk8u-master/build/macosx-x86_64-normal-server-slowdebug/langtools/gensrc/com/sun/tools/javac/resources/compiler_ja.java  java.util.ListResourceBundle -compile  /Users/zhouyouxing/studying/openjdk8u-master/langtools/src/share/classes/com/sun/tools/javac/resources/javac.properties  /Users/zhouyouxing/studying/openjdk8u-master/build/macosx-x86_64-normal-server-slowdebug/langtools/gensrc/com/sun/tools/javac/resources/javac.java  java.util.ListResourceBundle -compile  /Users/zhouyouxing/studying/openjdk8u-master/langtools/src/share/classes/com/sun/tools/javac/resources/javac_ja.properties  /Users/zhouyouxing/studying/openjdk8u-master/build/macosx-x86_64-normal-server-slowdebug/langtools/gensrc/com/sun/tools/javac/resources/javac_ja.java  java.util.ListResourceBundle -compile  /Users/zhouyouxing/studying/openjdk8u-master/langtools/src/share/classes/com/sun/tools/javac/resources/compiler_zh_CN.properties  /Users/zhouyouxing/studying/openjdk8u-master/build/macosx-x86_64-normal-server-slowdebug/langtools/gensrc/com/sun/tools/javac/resources/compiler_zh_CN.java  java.util.ListResourceBundle -compile  /Users/zhouyouxing/studying/openjdk8u-master/langtools/src/share/classes/com/sun/tools/javac/resources/compiler.properties  /Users/zhouyouxing/studying/openjdk8u-master/build/macosx-x86_64-normal-server-slowdebug/langtools/gensrc/com/sun/tools/javac/resources/compiler.java  java.util.ListResourceBundle -compile  /Users/zhouyouxing/studying/openjdk8u-master/langtools/src/share/classes/com/sun/tools/javac/resources/javac_zh_CN.properties  /Users/zhouyouxing/studying/openjdk8u-master/build/macosx-x86_64-normal-server-slowdebug/langtools/gensrc/com/sun/tools/javac/resources/javac_zh_CN.java  java.util.ListResourceBundle -compile  /Users/zhouyouxing/studying/openjdk8u-master/langtools/src/share/classes/com/sun/tools/javac/resources/legacy.properties  /Users/zhouyouxing/studying/openjdk8u-master/build/macosx-x86_64-normal-server-slowdebug/langtools/gensrc/com/sun/tools/javac/resources/legacy.java  java.util.ListResourceBundle -compile  /Users/zhouyouxing/studying/openjdk8u-master/langtools/src/share/classes/com/sun/tools/javadoc/resources/javadoc_ja.properties  /Users/zhouyouxing/studying/openjdk8u-master/build/macosx-x86_64-normal-server-slowdebug/langtools/gensrc/com/sun/tools/javadoc/resources/javadoc_ja.java  java.util.ListResourceBundle -compile  /Users/zhouyouxing/studying/openjdk8u-master/langtools/src/share/classes/com/sun/tools/javadoc/resources/javadoc.properties  /Users/zhouyouxing/studying/openjdk8u-master/build/macosx-x86_64-normal-server-slowdebug/langtools/gensrc/com/sun/tools/javadoc/resources/javadoc.java  java.util.ListResourceBundle -compile  /Users/zhouyouxing/studying/openjdk8u-master/langtools/src/share/classes/com/sun/tools/javadoc/resources/javadoc_zh_CN.properties  /Users/zhouyouxing/studying/openjdk8u-master/build/macosx-x86_64-normal-server-slowdebug/langtools/gensrc/com/sun/tools/javadoc/resources/javadoc_zh_CN.java  java.util.ListResourceBundle -compile  /Users/zhouyouxing/studying/openjdk8u-master/langtools/src/share/classes/com/sun/tools/jdeps/resources/jdkinternals.properties  /Users/zhouyouxing/studying/openjdk8u-master/build/macosx-x86_64-normal-server-slowdebug/langtools/gensrc/com/sun/tools/jdeps/resources/jdkinternals.java  java.util.ListResourceBundle -compile  /Users/zhouyouxing/studying/openjdk8u-master/langtools/src/share/classes/com/sun/tools/jdeps/resources/jdeps_ja.properties  /Users/zhouyouxing/studying/openjdk8u-master/build/macosx-x86_64-normal-server-slowdebug/langtools/gensrc/com/sun/tools/jdeps/resources/jdeps_ja.java  java.util.ListResourceBundle -compile  /Users/zhouyouxing/studying/openjdk8u-master/langtools/src/share/classes/com/sun/tools/jdeps/resources/jdeps.properties  /Users/zhouyouxing/studying/openjdk8u-master/build/macosx-x86_64-normal-server-slowdebug/langtools/gensrc/com/sun/tools/jdeps/resources/jdeps.java  java.util.ListResourceBundle -compile  /Users/zhouyouxing/studying/openjdk8u-master/langtools/src/share/classes/com/sun/tools/jdeps/resources/jdeps_zh_CN.properties  /Users/zhouyouxing/studying/openjdk8u-master/build/macosx-x86_64-normal-server-slowdebug/langtools/gensrc/com/sun/tools/jdeps/resources/jdeps_zh_CN.java  java.util.ListResourceBundle \
    -compile /Users/zhouyouxing/studying/openjdk8u-master/build/macosx-x86_64-normal-server-slowdebug/langtools/gensrc/com/sun/tools/javah/resources/version.properties \
        /Users/zhouyouxing/studying/openjdk8u-master/build/macosx-x86_64-normal-server-slowdebug/langtools/gensrc/com/sun/tools/javah/resources/version.java \
        java.util.ListResourceBundle \
    -compile /Users/zhouyouxing/studying/openjdk8u-master/build/macosx-x86_64-normal-server-slowdebug/langtools/gensrc/com/sun/tools/javap/resources/version.properties \
        /Users/zhouyouxing/studying/openjdk8u-master/build/macosx-x86_64-normal-server-slowdebug/langtools/gensrc/com/sun/tools/javap/resources/version.java \
        java.util.ListResourceBundle \
    -compile /Users/zhouyouxing/studying/openjdk8u-master/build/macosx-x86_64-normal-server-slowdebug/langtools/gensrc/com/sun/tools/javac/resources/version.properties \
        /Users/zhouyouxing/studying/openjdk8u-master/build/macosx-x86_64-normal-server-slowdebug/langtools/gensrc/com/sun/tools/javac/resources/version.java \
        java.util.ListResourceBundle \
    -compile /Users/zhouyouxing/studying/openjdk8u-master/build/macosx-x86_64-normal-server-slowdebug/langtools/gensrc/com/sun/tools/jdeps/resources/version.properties \
        /Users/zhouyouxing/studying/openjdk8u-master/build/macosx-x86_64-normal-server-slowdebug/langtools/gensrc/com/sun/tools/jdeps/resources/version.java \
        java.util.ListResourceBundle \
    -compile /Users/zhouyouxing/studying/openjdk8u-master/build/macosx-x86_64-normal-server-slowdebug/langtools/gensrc/com/sun/tools/javadoc/resources/version.properties \
        /Users/zhouyouxing/studying/openjdk8u-master/build/macosx-x86_64-normal-server-slowdebug/langtools/gensrc/com/sun/tools/javadoc/resources/version.java \
        java.util.ListResourceBundle
/bin/echo PROPS_ARE_CREATED = yes > /Users/zhouyouxing/studying/openjdk8u-master/build/macosx-x86_64-normal-server-slowdebug/langtools/gensrc/_the_props.d
SetupJavaCompiler(BOOT_JAVAC) 
 [2] JAVAC := /Library/Java/JavaVirtualMachines/jdk1.8.0_162.jdk/Contents/Home/bin/javac 
 [3] SERVER_DIR := 
 [4] SERVER_JVM := /Library/Java/JavaVirtualMachines/jdk1.8.0_162.jdk/Contents/Home/bin/java -verbosegc -d64 -Xms6G -Xmx6G 
 [5] FLAGS := -XDignore.symbol.file=true -g -Xlint:all,-deprecation -Werror                     
SetupJavaCompilation(BUILD_TOOLS) 
 [2] SETUP := BOOT_JAVAC 
 [3] DISABLE_SJAVAC := true 
 [4] ADD_JAVAC_FLAGS := -Xprefer:source 
 [5] SRC := /Users/zhouyouxing/studying/openjdk8u-master/langtools/make/tools /Users/zhouyouxing/studying/openjdk8u-master/langtools/src/share/classes 
 [6] INCLUDES := compileproperties genstubs 
 [7] BIN := /Users/zhouyouxing/studying/openjdk8u-master/build/macosx-x86_64-normal-server-slowdebug/langtools/btclasses                   
SetupJavaCompilation(BUILD_BOOTSTRAP_LANGTOOLS) 
 [2] SETUP := BOOT_JAVAC 
 [3] DISABLE_SJAVAC := true 
 [4] SRC := /Users/zhouyouxing/studying/openjdk8u-master/langtools/src/share/classes /Users/zhouyouxing/studying/openjdk8u-master/build/macosx-x86_64-normal-server-slowdebug/langtools/gensrc 
 [5] EXCLUDES := com/sun/tools/javac/nio 
 [6] COPY := .gif .xml .css .js javax.tools.JavaCompilerTool 
 [7] BIN := /Users/zhouyouxing/studying/openjdk8u-master/build/macosx-x86_64-normal-server-slowdebug/langtools/btclasses/bootstrap                   
SetupArchive(ARCHIVE_BOOTSTRAP_JAVAC) 
 [2] <dependencies> 
 [3] SRCS := /Users/zhouyouxing/studying/openjdk8u-master/build/macosx-x86_64-normal-server-slowdebug/langtools/btclasses/bootstrap 
 [4] JAR := /Users/zhouyouxing/studying/openjdk8u-master/build/macosx-x86_64-normal-server-slowdebug/langtools/dist/bootstrap/lib/javac.jar 
 [5] SUFFIXES := .class .gif .xml .css .js javax.tools.JavaCompilerTool                     
/bin/mkdir -p /Users/zhouyouxing/studying/openjdk8u-master/build/macosx-x86_64-normal-server-slowdebug/langtools/btclasses/bootstrap/com/sun/tools/doclets/internal/toolkit/resources
/bin/mkdir -p /Users/zhouyouxing/studying/openjdk8u-master/build/macosx-x86_64-normal-server-slowdebug/langtools/btclasses/bootstrap/com/sun/tools/doclets/internal/toolkit/resources
/bin/mkdir -p /Users/zhouyouxing/studying/openjdk8u-master/build/macosx-x86_64-normal-server-slowdebug/langtools/btclasses/bootstrap/com/sun/tools/doclets/internal/toolkit/resources
/bin/mkdir -p /Users/zhouyouxing/studying/openjdk8u-master/build/macosx-x86_64-normal-server-slowdebug/langtools/btclasses/bootstrap/com/sun/tools/javac/services
/bin/cp /Users/zhouyouxing/studying/openjdk8u-master/langtools/src/share/classes/com/sun/tools/javac/services/javax.tools.JavaCompilerTool /Users/zhouyouxing/studying/openjdk8u-master/build/macosx-x86_64-normal-server-slowdebug/langtools/btclasses/bootstrap/com/sun/tools/javac/services/javax.tools.JavaCompilerTool
/bin/cp /Users/zhouyouxing/studying/openjdk8u-master/langtools/src/share/classes/com/sun/tools/doclets/internal/toolkit/resources/stylesheet.css /Users/zhouyouxing/studying/openjdk8u-master/build/macosx-x86_64-normal-server-slowdebug/langtools/btclasses/bootstrap/com/sun/tools/doclets/internal/toolkit/resources/stylesheet.css
/bin/cp /Users/zhouyouxing/studying/openjdk8u-master/langtools/src/share/classes/com/sun/tools/doclets/internal/toolkit/resources/script.js /Users/zhouyouxing/studying/openjdk8u-master/build/macosx-x86_64-normal-server-slowdebug/langtools/btclasses/bootstrap/com/sun/tools/doclets/internal/toolkit/resources/script.js
/bin/cp /Users/zhouyouxing/studying/openjdk8u-master/langtools/src/share/classes/com/sun/tools/doclets/internal/toolkit/resources/doclet.xml /Users/zhouyouxing/studying/openjdk8u-master/build/macosx-x86_64-normal-server-slowdebug/langtools/btclasses/bootstrap/com/sun/tools/doclets/internal/toolkit/resources/doclet.xml
/bin/chmod -f ug+w /Users/zhouyouxing/studying/openjdk8u-master/build/macosx-x86_64-normal-server-slowdebug/langtools/btclasses/bootstrap/com/sun/tools/doclets/internal/toolkit/resources/doclet.xml
/bin/chmod -f ug+w /Users/zhouyouxing/studying/openjdk8u-master/build/macosx-x86_64-normal-server-slowdebug/langtools/btclasses/bootstrap/com/sun/tools/doclets/internal/toolkit/resources/script.js
/bin/chmod -f ug+w /Users/zhouyouxing/studying/openjdk8u-master/build/macosx-x86_64-normal-server-slowdebug/langtools/btclasses/bootstrap/com/sun/tools/doclets/internal/toolkit/resources/stylesheet.css
/bin/chmod -f ug+w /Users/zhouyouxing/studying/openjdk8u-master/build/macosx-x86_64-normal-server-slowdebug/langtools/btclasses/bootstrap/com/sun/tools/javac/services/javax.tools.JavaCompilerTool
/bin/mkdir -p /Users/zhouyouxing/studying/openjdk8u-master/build/macosx-x86_64-normal-server-slowdebug/langtools/btclasses/bootstrap
/bin/rm -f /Users/zhouyouxing/studying/openjdk8u-master/build/macosx-x86_64-normal-server-slowdebug/langtools/btclasses/bootstrap/_the.BUILD_BOOTSTRAP_LANGTOOLS_batch /Users/zhouyouxing/studying/openjdk8u-master/build/macosx-x86_64-normal-server-slowdebug/langtools/btclasses/bootstrap/_the.BUILD_BOOTSTRAP_LANGTOOLS_batch.tmp
/bin/echo  Writing 782 paths to ' >> /Users/zhouyouxing/studying/openjdk8u-master/build/macosx-x86_64-normal-server-slowdebug/langtools/btclasses/bootstrap/_the.BUILD_BOOTSTRAP_LANGTOOLS_batch.tmp'
Writing 782 paths to  >> /Users/zhouyouxing/studying/openjdk8u-master/build/macosx-x86_64-normal-server-slowdebug/langtools/btclasses/bootstrap/_the.BUILD_BOOTSTRAP_LANGTOOLS_batch.tmp
/bin/echo Compiling `/usr/bin/wc /Users/zhouyouxing/studying/openjdk8u-master/build/macosx-x86_64-normal-server-slowdebug/langtools/btclasses/bootstrap/_the.BUILD_BOOTSTRAP_LANGTOOLS_batch.tmp | /usr/bin/tr -s ' ' | /usr/bin/cut -f 2 -d ' '` files for BUILD_BOOTSTRAP_LANGTOOLS
Compiling 782 files for BUILD_BOOTSTRAP_LANGTOOLS
( /Library/Java/JavaVirtualMachines/jdk1.8.0_162.jdk/Contents/Home/bin/javac -XDignore.symbol.file=true -g -Xlint:all,-deprecation -Werror -g  -implicit:none -sourcepath "/Users/zhouyouxing/studying/openjdk8u-master/langtools/src/share/classes:/Users/zhouyouxing/studying/openjdk8u-master/build/macosx-x86_64-normal-server-slowdebug/langtools/gensrc" -d /Users/zhouyouxing/studying/openjdk8u-master/build/macosx-x86_64-normal-server-slowdebug/langtools/btclasses/bootstrap  @/Users/zhouyouxing/studying/openjdk8u-master/build/macosx-x86_64-normal-server-slowdebug/langtools/btclasses/bootstrap/_the.BUILD_BOOTSTRAP_LANGTOOLS_batch.tmp && /bin/mv /Users/zhouyouxing/studying/openjdk8u-master/build/macosx-x86_64-normal-server-slowdebug/langtools/btclasses/bootstrap/_the.BUILD_BOOTSTRAP_LANGTOOLS_batch.tmp /Users/zhouyouxing/studying/openjdk8u-master/build/macosx-x86_64-normal-server-slowdebug/langtools/btclasses/bootstrap/_the.BUILD_BOOTSTRAP_LANGTOOLS_batch)
注: 某些输入文件使用或覆盖了已过时的 API。
注: 有关详细信息, 请使用 -Xlint:deprecation 重新编译。
/bin/mkdir -p /Users/zhouyouxing/studying/openjdk8u-master/build/macosx-x86_64-normal-server-slowdebug/langtools/dist/bootstrap/lib/
/bin/rm -f /Users/zhouyouxing/studying/openjdk8u-master/build/macosx-x86_64-normal-server-slowdebug/langtools/dist/bootstrap/lib/_the.javac.jar_manifest && /usr/bin/touch /Users/zhouyouxing/studying/openjdk8u-master/build/macosx-x86_64-normal-server-slowdebug/langtools/dist/bootstrap/lib/_the.javac.jar_manifest
/bin/echo Creating langtools/dist/bootstrap/lib/javac.jar && /Library/Java/JavaVirtualMachines/jdk1.8.0_162.jdk/Contents/Home/bin/jar cfm /Users/zhouyouxing/studying/openjdk8u-master/build/macosx-x86_64-normal-server-slowdebug/langtools/dist/bootstrap/lib/javac.jar /Users/zhouyouxing/studying/openjdk8u-master/build/macosx-x86_64-normal-server-slowdebug/langtools/dist/bootstrap/lib/_the.javac.jar_manifest 
Creating langtools/dist/bootstrap/lib/javac.jar
( ( /usr/bin/find /Users/zhouyouxing/studying/openjdk8u-master/build/macosx-x86_64-normal-server-slowdebug/langtools/btclasses/bootstrap -type f -a \( -name FILE_NAME_THAT_DOESNT_EXIST  -o -name "*.class"  -o -name "*.gif"  -o -name "*.xml"  -o -name "*.css"  -o -name "*.js"  -o -name "*javax.tools.JavaCompilerTool" \)   | /usr/bin/sed 's|/Users/zhouyouxing/studying/openjdk8u-master/build/macosx-x86_64-normal-server-slowdebug/langtools/btclasses/bootstrap/||g' && /bin/echo   ) > /Users/zhouyouxing/studying/openjdk8u-master/build/macosx-x86_64-normal-server-slowdebug/langtools/btclasses/bootstrap/_the.javac.jar_contents) 
(/usr/bin/find /Users/zhouyouxing/studying/openjdk8u-master/build/macosx-x86_64-normal-server-slowdebug/langtools/btclasses/bootstrap/META-INF -type f 2> /dev/null | /usr/bin/sed 's|/Users/zhouyouxing/studying/openjdk8u-master/build/macosx-x86_64-normal-server-slowdebug/langtools/btclasses/bootstrap/||g' >> /Users/zhouyouxing/studying/openjdk8u-master/build/macosx-x86_64-normal-server-slowdebug/langtools/btclasses/bootstrap/_the.javac.jar_contents) 
(cd /Users/zhouyouxing/studying/openjdk8u-master/build/macosx-x86_64-normal-server-slowdebug/langtools/btclasses/bootstrap && /Library/Java/JavaVirtualMachines/jdk1.8.0_162.jdk/Contents/Home/bin/jar uf /Users/zhouyouxing/studying/openjdk8u-master/build/macosx-x86_64-normal-server-slowdebug/langtools/dist/bootstrap/lib/javac.jar @/Users/zhouyouxing/studying/openjdk8u-master/build/macosx-x86_64-normal-server-slowdebug/langtools/btclasses/bootstrap/_the.javac.jar_contents) 
